0 info it worked if it ends with ok
1 verbose cli [ 'C:\\RohitFiles\\Software\\nodejs\\node.exe',
1 verbose cli   'C:\\RohitFiles\\Software\\nodejs\\node_modules\\npm\\bin\\npm-cli.js',
1 verbose cli   'install' ]
2 info using npm@2.15.11
3 info using node@v4.8.3
4 verbose readDependencies loading dependencies from C:\RohitFiles\Projects\MongoDB\M101JS\package.json
5 error install Couldn't read dependencies
6 verbose stack Error: ENOENT: no such file or directory, open 'C:\RohitFiles\Projects\MongoDB\M101JS\package.json'
6 verbose stack     at Error (native)
7 verbose cwd C:\RohitFiles\Projects\MongoDB\M101JS
8 error Windows_NT 10.0.14393
9 error argv "C:\\RohitFiles\\Software\\nodejs\\node.exe" "C:\\RohitFiles\\Software\\nodejs\\node_modules\\npm\\bin\\npm-cli.js" "install"
10 error node v4.8.3
11 error npm  v2.15.11
12 error path C:\RohitFiles\Projects\MongoDB\M101JS\package.json
13 error code ENOPACKAGEJSON
14 error errno -4058
15 error syscall open
16 error package.json ENOENT: no such file or directory, open 'C:\RohitFiles\Projects\MongoDB\M101JS\package.json'
16 error package.json This is most likely not a problem with npm itself.
16 error package.json npm can't find a package.json file in your current directory.
17 verbose exit [ -4058, true ]
